{"/home/snlacks/backend-monorepo/packages/auth/src/_mock-data/execution-context-data.ts": {"path":"/home/snlacks/backend-monorepo/packages/auth/src/_mock-data/execution-context-data.ts","statementMap":{"0":{"start":{"line":1,"column":0},"end":{"line":1,"column":46}},"1":{"start":{"line":3,"column":13},"end":{"line":3,"column":114}},"2":{"start":{"line":5,"column":35},"end":{"line":16,"column":11}},"3":{"start":{"line":6,"column":3},"end":{"line":16,"column":11}},"4":{"start":{"line":9,"column":25},"end":{"line":15,"column":6}},"5":{"start":{"line":10,"column":25},"end":{"line":14,"column":8}},"6":{"start":{"line":5,"column":13},"end":{"line":5,"column":35}}},"fnMap":{"0":{"name":"(anonymous_0)","decl":{"start":{"line":5,"column":35},"end":{"line":5,"column":38}},"loc":{"start":{"line":6,"column":3},"end":{"line":16,"column":11}}},"1":{"name":"(anonymous_1)","decl":{"start":{"line":9,"column":18},"end":{"line":9,"column":21}},"loc":{"start":{"line":9,"column":25},"end":{"line":15,"column":6}}},"2":{"name":"(anonymous_2)","decl":{"start":{"line":10,"column":18},"end":{"line":10,"column":21}},"loc":{"start":{"line":10,"column":25},"end":{"line":14,"column":8}}}},"branchMap":{},"s":{"0":1,"1":1,"2":1,"3":5,"4":2,"5":2,"6":1},"f":{"0":5,"1":2,"2":2},"b":{}}
,"/home/snlacks/backend-monorepo/packages/auth/src/_mock-data/jwt-config-data.ts": {"path":"/home/snlacks/backend-monorepo/packages/auth/src/_mock-data/jwt-config-data.ts","statementMap":{"0":{"start":{"line":1,"column":13},"end":{"line":4,"column":2}}},"fnMap":{},"branchMap":{},"s":{"0":0},"f":{},"b":{}}
,"/home/snlacks/backend-monorepo/packages/auth/src/_mock-data/user-data.ts": {"path":"/home/snlacks/backend-monorepo/packages/auth/src/_mock-data/user-data.ts","statementMap":{"0":{"start":{"line":1,"column":13},"end":{"line":5,"column":2}}},"fnMap":{},"branchMap":{},"s":{"0":1},"f":{},"b":{}}
,"/home/snlacks/backend-monorepo/packages/auth/src/auth/auth.controller.ts": {"path":"/home/snlacks/backend-monorepo/packages/auth/src/auth/auth.controller.ts","statementMap":{"0":{"start":{"line":1,"column":0},"end":{"line":1,"column":null}},"1":{"start":{"line":17,"column":0},"end":{"line":17,"column":55}},"2":{"start":{"line":18,"column":0},"end":{"line":18,"column":46}},"3":{"start":{"line":19,"column":0},"end":{"line":19,"column":60}},"4":{"start":{"line":21,"column":0},"end":{"line":21,"column":51}},"5":{"start":{"line":22,"column":0},"end":{"line":22,"column":49}},"6":{"start":{"line":23,"column":0},"end":{"line":23,"column":69}},"7":{"start":{"line":24,"column":0},"end":{"line":24,"column":63}},"8":{"start":{"line":25,"column":0},"end":{"line":25,"column":46}},"9":{"start":{"line":26,"column":0},"end":{"line":26,"column":33}},"10":{"start":{"line":28,"column":0},"end":{"line":28,"column":61}},"11":{"start":{"line":29,"column":0},"end":{"line":29,"column":44}},"12":{"start":{"line":30,"column":0},"end":{"line":30,"column":54}},"13":{"start":{"line":31,"column":0},"end":{"line":31,"column":38}},"14":{"start":{"line":34,"column":2},"end":{"line":34,"column":75}},"15":{"start":{"line":37,"column":7},"end":{"line":214,"column":null}},"16":{"start":{"line":39,"column":12},"end":{"line":39,"column":25}},"17":{"start":{"line":40,"column":12},"end":{"line":40,"column":26}},"18":{"start":{"line":41,"column":12},"end":{"line":41,"column":26}},"19":{"start":{"line":43,"column":4},"end":{"line":43,"column":27}},"20":{"start":{"line":44,"column":4},"end":{"line":44,"column":28}},"21":{"start":{"line":45,"column":4},"end":{"line":45,"column":28}},"22":{"start":{"line":51,"column":4},"end":{"line":51,"column":45}},"23":{"start":{"line":58,"column":20},"end":{"line":58,"column":53}},"24":{"start":{"line":59,"column":4},"end":{"line":59,"column":20}},"25":{"start":{"line":60,"column":4},"end":{"line":60,"column":22}},"26":{"start":{"line":67,"column":4},"end":{"line":78,"column":5}},"27":{"start":{"line":68,"column":26},"end":{"line":68,"column":74}},"28":{"start":{"line":69,"column":6},"end":{"line":73,"column":8}},"29":{"start":{"line":74,"column":6},"end":{"line":74,"column":22}},"30":{"start":{"line":75,"column":6},"end":{"line":75,"column":47}},"31":{"start":{"line":77,"column":6},"end":{"line":77,"column":40}},"32":{"start":{"line":88,"column":4},"end":{"line":108,"column":5}},"33":{"start":{"line":89,"column":38},"end":{"line":92,"column":null}},"34":{"start":{"line":95,"column":6},"end":{"line":98,"column":9}},"35":{"start":{"line":99,"column":6},"end":{"line":103,"column":8}},"36":{"start":{"line":105,"column":6},"end":{"line":105,"column":21}},"37":{"start":{"line":107,"column":6},"end":{"line":107,"column":40}},"38":{"start":{"line":120,"column":4},"end":{"line":155,"column":5}},"39":{"start":{"line":121,"column":6},"end":{"line":121,"column":59}},"40":{"start":{"line":122,"column":36},"end":{"line":123,"column":null}},"41":{"start":{"line":125,"column":6},"end":{"line":125,"column":26}},"42":{"start":{"line":126,"column":6},"end":{"line":126,"column":76}},"43":{"start":{"line":127,"column":6},"end":{"line":127,"column":51}},"44":{"start":{"line":129,"column":32},"end":{"line":130,"column":null}},"45":{"start":{"line":133,"column":6},"end":{"line":137,"column":8}},"46":{"start":{"line":138,"column":6},"end":{"line":142,"column":8}},"47":{"start":{"line":143,"column":6},"end":{"line":143,"column":28}},"48":{"start":{"line":145,"column":6},"end":{"line":145,"column":75}},"49":{"start":{"line":146,"column":6},"end":{"line":146,"column":19}},"50":{"start":{"line":147,"column":34},"end":{"line":148,"column":null}},"51":{"start":{"line":150,"column":6},"end":{"line":154,"column":8}},"52":{"start":{"line":156,"column":4},"end":{"line":156,"column":22}},"53":{"start":{"line":161,"column":4},"end":{"line":161,"column":49}},"54":{"start":{"line":168,"column":4},"end":{"line":173,"column":5}},"55":{"start":{"line":172,"column":6},"end":{"line":172,"column":13}},"56":{"start":{"line":175,"column":6},"end":{"line":175,"column":59}},"57":{"start":{"line":176,"column":4},"end":{"line":180,"column":6}},"58":{"start":{"line":181,"column":4},"end":{"line":185,"column":6}},"59":{"start":{"line":186,"column":4},"end":{"line":186,"column":20}},"60":{"start":{"line":192,"column":4},"end":{"line":192,"column":26}},"61":{"start":{"line":199,"column":4},"end":{"line":202,"column":7}},"62":{"start":{"line":203,"column":4},"end":{"line":203,"column":15}},"63":{"start":{"line":210,"column":4},"end":{"line":210,"column":46}},"64":{"start":{"line":211,"column":4},"end":{"line":211,"column":20}},"65":{"start":{"line":212,"column":4},"end":{"line":212,"column":15}},"66":{"start":{"line":37,"column":13},"end":{"line":37,"column":27}},"67":{"start":{"line":50,"column":8},"end":{"line":52,"column":null}},"68":{"start":{"line":57,"column":8},"end":{"line":61,"column":null}},"69":{"start":{"line":66,"column":8},"end":{"line":79,"column":null}},"70":{"start":{"line":83,"column":8},"end":{"line":109,"column":null}},"71":{"start":{"line":114,"column":8},"end":{"line":157,"column":null}},"72":{"start":{"line":160,"column":2},"end":{"line":162,"column":null}},"73":{"start":{"line":167,"column":8},"end":{"line":187,"column":null}},"74":{"start":{"line":191,"column":8},"end":{"line":193,"column":null}},"75":{"start":{"line":198,"column":8},"end":{"line":204,"column":null}},"76":{"start":{"line":209,"column":8},"end":{"line":213,"column":null}},"77":{"start":{"line":37,"column":13},"end":{"line":214,"column":null}}},"fnMap":{"0":{"name":"(anonymous_4)","decl":{"start":{"line":38,"column":2},"end":{"line":38,"column":null}},"loc":{"start":{"line":41,"column":38},"end":{"line":46,"column":3}}},"1":{"name":"(anonymous_5)","decl":{"start":{"line":50,"column":2},"end":{"line":50,"column":7}},"loc":{"start":{"line":50,"column":16},"end":{"line":52,"column":3}}},"2":{"name":"(anonymous_6)","decl":{"start":{"line":57,"column":2},"end":{"line":57,"column":7}},"loc":{"start":{"line":57,"column":65},"end":{"line":61,"column":3}}},"3":{"name":"(anonymous_7)","decl":{"start":{"line":66,"column":2},"end":{"line":66,"column":7}},"loc":{"start":{"line":66,"column":77},"end":{"line":79,"column":3}}},"4":{"name":"(anonymous_8)","decl":{"start":{"line":83,"column":2},"end":{"line":83,"column":7}},"loc":{"start":{"line":86,"column":24},"end":{"line":109,"column":3}}},"5":{"name":"(anonymous_9)","decl":{"start":{"line":114,"column":2},"end":{"line":114,"column":7}},"loc":{"start":{"line":117,"column":24},"end":{"line":157,"column":3}}},"6":{"name":"(anonymous_10)","decl":{"start":{"line":160,"column":2},"end":{"line":160,"column":16}},"loc":{"start":{"line":160,"column":47},"end":{"line":162,"column":3}}},"7":{"name":"(anonymous_11)","decl":{"start":{"line":167,"column":2},"end":{"line":167,"column":7}},"loc":{"start":{"line":167,"column":57},"end":{"line":187,"column":3}}},"8":{"name":"(anonymous_12)","decl":{"start":{"line":191,"column":2},"end":{"line":191,"column":7}},"loc":{"start":{"line":191,"column":62},"end":{"line":193,"column":3}}},"9":{"name":"(anonymous_13)","decl":{"start":{"line":198,"column":2},"end":{"line":198,"column":7}},"loc":{"start":{"line":198,"column":36},"end":{"line":204,"column":3}}},"10":{"name":"(anonymous_14)","decl":{"start":{"line":209,"column":2},"end":{"line":209,"column":7}},"loc":{"start":{"line":209,"column":72},"end":{"line":213,"column":3}}}},"branchMap":{"0":{"loc":{"start":{"line":34,"column":2},"end":{"line":34,"column":75}},"type":"binary-expr","locations":[{"start":{"line":34,"column":2},"end":{"line":34,"column":40}},{"start":{"line":34,"column":44},"end":{"line":34,"column":75}}]},"1":{"loc":{"start":{"line":75,"column":15},"end":{"line":75,"column":45}},"type":"cond-expr","locations":[{"start":{"line":75,"column":27},"end":{"line":75,"column":38}},{"start":{"line":75,"column":41},"end":{"line":75,"column":45}}]},"2":{"loc":{"start":{"line":168,"column":4},"end":{"line":173,"column":5}},"type":"if","locations":[{"start":{"line":168,"column":4},"end":{"line":173,"column":5}}]},"3":{"loc":{"start":{"line":169,"column":6},"end":{"line":170,"column":37}},"type":"binary-expr","locations":[{"start":{"line":169,"column":6},"end":{"line":169,"column":44}},{"start":{"line":170,"column":6},"end":{"line":170,"column":37}}]}},"s":{"0":1,"1":1,"2":1,"3":1,"4":1,"5":1,"6":1,"7":1,"8":1,"9":1,"10":1,"11":1,"12":1,"13":1,"14":1,"15":1,"16":15,"17":15,"18":15,"19":15,"20":15,"21":15,"22":1,"23":1,"24":1,"25":1,"26":2,"27":2,"28":1,"29":1,"30":1,"31":1,"32":1,"33":1,"34":1,"35":1,"36":1,"37":0,"38":2,"39":2,"40":1,"41":1,"42":1,"43":1,"44":1,"45":1,"46":1,"47":1,"48":1,"49":1,"50":1,"51":1,"52":1,"53":1,"54":1,"55":0,"56":1,"57":1,"58":1,"59":1,"60":1,"61":1,"62":1,"63":1,"64":1,"65":1,"66":1,"67":1,"68":1,"69":1,"70":1,"71":1,"72":1,"73":1,"74":1,"75":1,"76":1,"77":1},"f":{"0":15,"1":1,"2":1,"3":2,"4":1,"5":2,"6":1,"7":1,"8":1,"9":1,"10":1},"b":{"0":[1,1],"1":[1,0],"2":[0],"3":[1,1]}}
,"/home/snlacks/backend-monorepo/packages/auth/src/auth/auth.guard.ts": {"path":"/home/snlacks/backend-monorepo/packages/auth/src/auth/auth.guard.ts","statementMap":{"0":{"start":{"line":1,"column":0},"end":{"line":1,"column":75}},"1":{"start":{"line":2,"column":0},"end":{"line":2,"column":41}},"2":{"start":{"line":3,"column":0},"end":{"line":3,"column":58}},"3":{"start":{"line":4,"column":0},"end":{"line":4,"column":35}},"4":{"start":{"line":5,"column":0},"end":{"line":5,"column":46}},"5":{"start":{"line":6,"column":0},"end":{"line":6,"column":83}},"6":{"start":{"line":8,"column":7},"end":{"line":53,"column":null}},"7":{"start":{"line":10,"column":12},"end":{"line":10,"column":26}},"8":{"start":{"line":11,"column":12},"end":{"line":11,"column":23}},"9":{"start":{"line":16,"column":21},"end":{"line":19,"column":6}},"10":{"start":{"line":20,"column":4},"end":{"line":22,"column":5}},"11":{"start":{"line":21,"column":6},"end":{"line":21,"column":18}},"12":{"start":{"line":23,"column":20},"end":{"line":23,"column":55}},"13":{"start":{"line":24,"column":21},"end":{"line":24,"column":57}},"14":{"start":{"line":26,"column":26},"end":{"line":27,"column":null}},"15":{"start":{"line":29,"column":4},"end":{"line":31,"column":5}},"16":{"start":{"line":30,"column":6},"end":{"line":30,"column":15}},"17":{"start":{"line":32,"column":20},"end":{"line":32,"column":69}},"18":{"start":{"line":33,"column":4},"end":{"line":35,"column":5}},"19":{"start":{"line":34,"column":6},"end":{"line":34,"column":15}},"20":{"start":{"line":37,"column":4},"end":{"line":37,"column":35}},"21":{"start":{"line":38,"column":30},"end":{"line":39,"column":null}},"22":{"start":{"line":41,"column":4},"end":{"line":45,"column":6}},"23":{"start":{"line":46,"column":4},"end":{"line":50,"column":6}},"24":{"start":{"line":51,"column":4},"end":{"line":51,"column":16}},"25":{"start":{"line":8,"column":13},"end":{"line":8,"column":22}},"26":{"start":{"line":15,"column":8},"end":{"line":52,"column":null}},"27":{"start":{"line":8,"column":13},"end":{"line":53,"column":null}}},"fnMap":{"0":{"name":"(anonymous_2)","decl":{"start":{"line":9,"column":2},"end":{"line":9,"column":null}},"loc":{"start":{"line":11,"column":32},"end":{"line":12,"column":6}}},"1":{"name":"(anonymous_3)","decl":{"start":{"line":15,"column":2},"end":{"line":15,"column":7}},"loc":{"start":{"line":15,"column":45},"end":{"line":52,"column":3}}}},"branchMap":{"0":{"loc":{"start":{"line":20,"column":4},"end":{"line":22,"column":5}},"type":"if","locations":[{"start":{"line":20,"column":4},"end":{"line":22,"column":5}}]},"1":{"loc":{"start":{"line":29,"column":4},"end":{"line":31,"column":5}},"type":"if","locations":[{"start":{"line":29,"column":4},"end":{"line":31,"column":5}}]},"2":{"loc":{"start":{"line":33,"column":4},"end":{"line":35,"column":5}},"type":"if","locations":[{"start":{"line":33,"column":4},"end":{"line":35,"column":5}}]},"3":{"loc":{"start":{"line":33,"column":8},"end":{"line":33,"column":69}},"type":"binary-expr","locations":[{"start":{"line":33,"column":8},"end":{"line":33,"column":16}},{"start":{"line":33,"column":20},"end":{"line":33,"column":69}}]}},"s":{"0":1,"1":1,"2":1,"3":1,"4":1,"5":1,"6":1,"7":11,"8":11,"9":6,"10":6,"11":1,"12":5,"13":5,"14":5,"15":5,"16":1,"17":4,"18":3,"19":1,"20":2,"21":2,"22":2,"23":1,"24":1,"25":1,"26":1,"27":1},"f":{"0":11,"1":6},"b":{"0":[1],"1":[1],"2":[1],"3":[3,2]}}
,"/home/snlacks/backend-monorepo/packages/auth/src/auth/auth.service.ts": {"path":"/home/snlacks/backend-monorepo/packages/auth/src/auth/auth.service.ts","statementMap":{"0":{"start":{"line":1,"column":0},"end":{"line":1,"column":33}},"1":{"start":{"line":2,"column":0},"end":{"line":2,"column":33}},"2":{"start":{"line":3,"column":0},"end":{"line":3,"column":46}},"3":{"start":{"line":4,"column":0},"end":{"line":4,"column":36}},"4":{"start":{"line":5,"column":0},"end":{"line":5,"column":52}},"5":{"start":{"line":7,"column":0},"end":{"line":7,"column":60}},"6":{"start":{"line":8,"column":0},"end":{"line":8,"column":63}},"7":{"start":{"line":9,"column":0},"end":{"line":9,"column":83}},"8":{"start":{"line":10,"column":0},"end":{"line":10,"column":null}},"9":{"start":{"line":18,"column":0},"end":{"line":18,"column":54}},"10":{"start":{"line":19,"column":0},"end":{"line":19,"column":46}},"11":{"start":{"line":21,"column":18},"end":{"line":28,"column":43}},"12":{"start":{"line":21,"column":47},"end":{"line":28,"column":43}},"13":{"start":{"line":30,"column":13},"end":{"line":30,"column":57}},"14":{"start":{"line":31,"column":13},"end":{"line":31,"column":51}},"15":{"start":{"line":32,"column":13},"end":{"line":32,"column":55}},"16":{"start":{"line":33,"column":24},"end":{"line":37,"column":1}},"17":{"start":{"line":34,"column":2},"end":{"line":36,"column":3}},"18":{"start":{"line":35,"column":4},"end":{"line":35,"column":68}},"19":{"start":{"line":33,"column":13},"end":{"line":33,"column":24}},"20":{"start":{"line":38,"column":23},"end":{"line":45,"column":null}},"21":{"start":{"line":39,"column":2},"end":{"line":45,"column":null}},"22":{"start":{"line":40,"column":4},"end":{"line":45,"column":6}},"23":{"start":{"line":41,"column":6},"end":{"line":43,"column":7}},"24":{"start":{"line":42,"column":8},"end":{"line":42,"column":20}},"25":{"start":{"line":44,"column":6},"end":{"line":44,"column":33}},"26":{"start":{"line":38,"column":13},"end":{"line":38,"column":23}},"27":{"start":{"line":48,"column":20},"end":{"line":53,"column":4}},"28":{"start":{"line":49,"column":2},"end":{"line":53,"column":4}},"29":{"start":{"line":54,"column":19},"end":{"line":54,"column":56}},"30":{"start":{"line":56,"column":23},"end":{"line":57,"column":52}},"31":{"start":{"line":57,"column":2},"end":{"line":57,"column":52}},"32":{"start":{"line":57,"column":26},"end":{"line":57,"column":51}},"33":{"start":{"line":59,"column":18},"end":{"line":64,"column":1}},"34":{"start":{"line":60,"column":15},"end":{"line":60,"column":50}},"35":{"start":{"line":61,"column":2},"end":{"line":61,"column":30}},"36":{"start":{"line":63,"column":2},"end":{"line":63,"column":14}},"37":{"start":{"line":67,"column":7},"end":{"line":166,"column":null}},"38":{"start":{"line":69,"column":12},"end":{"line":69,"column":26}},"39":{"start":{"line":70,"column":38},"end":{"line":70,"column":50}},"40":{"start":{"line":71,"column":12},"end":{"line":71,"column":26}},"41":{"start":{"line":72,"column":41},"end":{"line":72,"column":54}},"42":{"start":{"line":81,"column":17},"end":{"line":81,"column":58}},"43":{"start":{"line":83,"column":4},"end":{"line":83,"column":17}},"44":{"start":{"line":84,"column":18},"end":{"line":84,"column":74}},"45":{"start":{"line":85,"column":4},"end":{"line":85,"column":61}},"46":{"start":{"line":86,"column":4},"end":{"line":86,"column":64}},"47":{"start":{"line":87,"column":4},"end":{"line":90,"column":6}},"48":{"start":{"line":97,"column":17},"end":{"line":97,"column":67}},"49":{"start":{"line":98,"column":18},"end":{"line":98,"column":64}},"50":{"start":{"line":100,"column":4},"end":{"line":100,"column":46}},"51":{"start":{"line":102,"column":4},"end":{"line":102,"column":16}},"52":{"start":{"line":105,"column":28},"end":{"line":105,"column":41}},"53":{"start":{"line":107,"column":17},"end":{"line":107,"column":55}},"54":{"start":{"line":108,"column":17},"end":{"line":108,"column":53}},"55":{"start":{"line":110,"column":4},"end":{"line":110,"column":43}},"56":{"start":{"line":119,"column":17},"end":{"line":119,"column":58}},"57":{"start":{"line":122,"column":4},"end":{"line":128,"column":5}},"58":{"start":{"line":123,"column":27},"end":{"line":123,"column":74}},"59":{"start":{"line":124,"column":6},"end":{"line":124,"column":50}},"60":{"start":{"line":125,"column":6},"end":{"line":125,"column":46}},"61":{"start":{"line":127,"column":6},"end":{"line":127,"column":57}},"62":{"start":{"line":129,"column":4},"end":{"line":129,"column":24}},"63":{"start":{"line":134,"column":28},"end":{"line":134,"column":50}},"64":{"start":{"line":135,"column":4},"end":{"line":144,"column":5}},"65":{"start":{"line":136,"column":6},"end":{"line":141,"column":9}},"66":{"start":{"line":143,"column":6},"end":{"line":143,"column":23}},"67":{"start":{"line":145,"column":4},"end":{"line":145,"column":31}},"68":{"start":{"line":150,"column":28},"end":{"line":150,"column":50}},"69":{"start":{"line":152,"column":4},"end":{"line":152,"column":52}},"70":{"start":{"line":154,"column":24},"end":{"line":158,"column":6}},"71":{"start":{"line":160,"column":4},"end":{"line":160,"column":53}},"72":{"start":{"line":161,"column":4},"end":{"line":164,"column":6}},"73":{"start":{"line":67,"column":13},"end":{"line":67,"column":24}},"74":{"start":{"line":76,"column":8},"end":{"line":91,"column":null}},"75":{"start":{"line":94,"column":8},"end":{"line":103,"column":null}},"76":{"start":{"line":114,"column":8},"end":{"line":130,"column":null}},"77":{"start":{"line":133,"column":8},"end":{"line":146,"column":null}},"78":{"start":{"line":149,"column":8},"end":{"line":165,"column":null}},"79":{"start":{"line":67,"column":13},"end":{"line":166,"column":null}}},"fnMap":{"0":{"name":"(anonymous_4)","decl":{"start":{"line":21,"column":18},"end":{"line":21,"column":19}},"loc":{"start":{"line":21,"column":47},"end":{"line":28,"column":43}}},"1":{"name":"(anonymous_5)","decl":{"start":{"line":33,"column":24},"end":{"line":33,"column":25}},"loc":{"start":{"line":33,"column":41},"end":{"line":37,"column":1}}},"2":{"name":"(anonymous_6)","decl":{"start":{"line":38,"column":23},"end":{"line":38,"column":24}},"loc":{"start":{"line":39,"column":2},"end":{"line":45,"column":null}}},"3":{"name":"(anonymous_7)","decl":{"start":{"line":39,"column":22},"end":{"line":39,"column":23}},"loc":{"start":{"line":40,"column":4},"end":{"line":45,"column":6}}},"4":{"name":"(anonymous_8)","decl":{"start":{"line":40,"column":61},"end":{"line":40,"column":62}},"loc":{"start":{"line":40,"column":72},"end":{"line":45,"column":5}}},"5":{"name":"(anonymous_9)","decl":{"start":{"line":48,"column":20},"end":{"line":48,"column":23}},"loc":{"start":{"line":49,"column":2},"end":{"line":53,"column":4}}},"6":{"name":"(anonymous_10)","decl":{"start":{"line":56,"column":23},"end":{"line":56,"column":24}},"loc":{"start":{"line":57,"column":2},"end":{"line":57,"column":52}}},"7":{"name":"(anonymous_11)","decl":{"start":{"line":57,"column":19},"end":{"line":57,"column":20}},"loc":{"start":{"line":57,"column":26},"end":{"line":57,"column":51}}},"8":{"name":"(anonymous_12)","decl":{"start":{"line":59,"column":18},"end":{"line":59,"column":23}},"loc":{"start":{"line":59,"column":57},"end":{"line":64,"column":1}}},"9":{"name":"(anonymous_13)","decl":{"start":{"line":68,"column":2},"end":{"line":68,"column":null}},"loc":{"start":{"line":72,"column":66},"end":{"line":73,"column":6}}},"10":{"name":"(anonymous_14)","decl":{"start":{"line":76,"column":2},"end":{"line":76,"column":7}},"loc":{"start":{"line":79,"column":27},"end":{"line":91,"column":3}}},"11":{"name":"(anonymous_15)","decl":{"start":{"line":94,"column":2},"end":{"line":94,"column":7}},"loc":{"start":{"line":95,"column":31},"end":{"line":103,"column":3}}},"12":{"name":"(anonymous_16)","decl":{"start":{"line":104,"column":2},"end":{"line":104,"column":7}},"loc":{"start":{"line":104,"column":17},"end":{"line":111,"column":3}}},"13":{"name":"(anonymous_17)","decl":{"start":{"line":114,"column":2},"end":{"line":114,"column":7}},"loc":{"start":{"line":118,"column":18},"end":{"line":130,"column":3}}},"14":{"name":"(anonymous_18)","decl":{"start":{"line":133,"column":2},"end":{"line":133,"column":7}},"loc":{"start":{"line":133,"column":34},"end":{"line":146,"column":3}}},"15":{"name":"(anonymous_19)","decl":{"start":{"line":149,"column":2},"end":{"line":149,"column":7}},"loc":{"start":{"line":149,"column":27},"end":{"line":165,"column":3}}}},"branchMap":{"0":{"loc":{"start":{"line":34,"column":2},"end":{"line":36,"column":3}},"type":"if","locations":[{"start":{"line":34,"column":2},"end":{"line":36,"column":3}}]},"1":{"loc":{"start":{"line":41,"column":6},"end":{"line":43,"column":7}},"type":"if","locations":[{"start":{"line":41,"column":6},"end":{"line":43,"column":7}}]},"2":{"loc":{"start":{"line":117,"column":4},"end":{"line":117,"column":18}},"type":"default-arg","locations":[{"start":{"line":117,"column":13},"end":{"line":117,"column":18}}]},"3":{"loc":{"start":{"line":122,"column":4},"end":{"line":128,"column":5}},"type":"if","locations":[{"start":{"line":122,"column":4},"end":{"line":128,"column":5}},{"start":{"line":126,"column":11},"end":{"line":128,"column":5}}]},"4":{"loc":{"start":{"line":160,"column":11},"end":{"line":160,"column":51}},"type":"binary-expr","locations":[{"start":{"line":160,"column":11},"end":{"line":160,"column":22}},{"start":{"line":160,"column":26},"end":{"line":160,"column":51}}]}},"s":{"0":2,"1":2,"2":2,"3":2,"4":2,"5":2,"6":2,"7":2,"8":2,"9":2,"10":2,"11":2,"12":0,"13":2,"14":2,"15":2,"16":2,"17":46,"18":0,"19":2,"20":2,"21":4,"22":4,"23":4,"24":0,"25":4,"26":2,"27":2,"28":1,"29":2,"30":2,"31":1,"32":2,"33":2,"34":2,"35":2,"36":1,"37":2,"38":8,"39":8,"40":8,"41":8,"42":3,"43":3,"44":2,"45":2,"46":2,"47":1,"48":0,"49":0,"50":0,"51":0,"52":1,"53":1,"54":1,"55":1,"56":2,"57":2,"58":2,"59":1,"60":1,"61":0,"62":0,"63":0,"64":0,"65":0,"66":0,"67":0,"68":1,"69":1,"70":1,"71":1,"72":1,"73":2,"74":2,"75":2,"76":2,"77":2,"78":2,"79":2},"f":{"0":0,"1":46,"2":4,"3":4,"4":4,"5":1,"6":1,"7":2,"8":2,"9":8,"10":3,"11":0,"12":1,"13":2,"14":0,"15":1},"b":{"0":[0],"1":[0],"2":[2],"3":[2,0],"4":[1,1]}}
,"/home/snlacks/backend-monorepo/packages/auth/src/decorators/unauthorized-handler.decorator.ts": {"path":"/home/snlacks/backend-monorepo/packages/auth/src/decorators/unauthorized-handler.decorator.ts","statementMap":{"0":{"start":{"line":3,"column":0},"end":{"line":3,"column":16}},"1":{"start":{"line":1,"column":0},"end":{"line":1,"column":55}},"2":{"start":{"line":4,"column":2},"end":{"line":15,"column":4}},"3":{"start":{"line":5,"column":19},"end":{"line":5,"column":35}},"4":{"start":{"line":7,"column":4},"end":{"line":13,"column":6}},"5":{"start":{"line":8,"column":6},"end":{"line":12,"column":7}},"6":{"start":{"line":9,"column":8},"end":{"line":9,"column":46}},"7":{"start":{"line":11,"column":8},"end":{"line":11,"column":42}},"8":{"start":{"line":14,"column":4},"end":{"line":14,"column":22}}},"fnMap":{"0":{"name":"UnauthorizedHandler","decl":{"start":{"line":3,"column":16},"end":{"line":3,"column":35}},"loc":{"start":{"line":3,"column":35},"end":{"line":16,"column":1}}},"1":{"name":"(anonymous_1)","decl":{"start":{"line":4,"column":9},"end":{"line":4,"column":19}},"loc":{"start":{"line":4,"column":66},"end":{"line":15,"column":3}}},"2":{"name":"(anonymous_2)","decl":{"start":{"line":7,"column":23},"end":{"line":7,"column":28}},"loc":{"start":{"line":7,"column":46},"end":{"line":13,"column":5}}}},"branchMap":{},"s":{"0":4,"1":4,"2":12,"3":12,"4":12,"5":17,"6":17,"7":11,"8":12},"f":{"0":12,"1":12,"2":17},"b":{}}
,"/home/snlacks/backend-monorepo/packages/auth/src/roles/roles.decorator.ts": {"path":"/home/snlacks/backend-monorepo/packages/auth/src/roles/roles.decorator.ts","statementMap":{"0":{"start":{"line":1,"column":0},"end":{"line":1,"column":45}},"1":{"start":{"line":3,"column":13},"end":{"line":3,"column":33}},"2":{"start":{"line":5,"column":21},"end":{"line":5,"column":72}},"3":{"start":{"line":5,"column":43},"end":{"line":5,"column":72}},"4":{"start":{"line":5,"column":13},"end":{"line":5,"column":21}}},"fnMap":{"0":{"name":"(anonymous_0)","decl":{"start":{"line":5,"column":21},"end":{"line":5,"column":22}},"loc":{"start":{"line":5,"column":43},"end":{"line":5,"column":72}}}},"branchMap":{},"s":{"0":2,"1":2,"2":2,"3":2,"4":2},"f":{"0":2},"b":{}}
,"/home/snlacks/backend-monorepo/packages/auth/src/roles/roles.guard.ts": {"path":"/home/snlacks/backend-monorepo/packages/auth/src/roles/roles.guard.ts","statementMap":{"0":{"start":{"line":1,"column":0},"end":{"line":1,"column":75}},"1":{"start":{"line":2,"column":0},"end":{"line":2,"column":41}},"2":{"start":{"line":3,"column":0},"end":{"line":3,"column":46}},"3":{"start":{"line":4,"column":0},"end":{"line":4,"column":46}},"4":{"start":{"line":5,"column":0},"end":{"line":5,"column":83}},"5":{"start":{"line":9,"column":7},"end":{"line":41,"column":null}},"6":{"start":{"line":11,"column":12},"end":{"line":11,"column":26}},"7":{"start":{"line":12,"column":12},"end":{"line":12,"column":23}},"8":{"start":{"line":17,"column":21},"end":{"line":17,"column":26}},"9":{"start":{"line":18,"column":26},"end":{"line":21,"column":6}},"10":{"start":{"line":23,"column":4},"end":{"line":25,"column":5}},"11":{"start":{"line":24,"column":6},"end":{"line":24,"column":18}},"12":{"start":{"line":27,"column":20},"end":{"line":27,"column":55}},"13":{"start":{"line":28,"column":18},"end":{"line":28,"column":79}},"14":{"start":{"line":29,"column":4},"end":{"line":31,"column":5}},"15":{"start":{"line":30,"column":6},"end":{"line":30,"column":23}},"16":{"start":{"line":33,"column":20},"end":{"line":33,"column":62}},"17":{"start":{"line":34,"column":4},"end":{"line":34,"column":35}},"18":{"start":{"line":36,"column":4},"end":{"line":38,"column":6}},"19":{"start":{"line":37,"column":6},"end":{"line":37,"column":65}},"20":{"start":{"line":37,"column":48},"end":{"line":37,"column":64}},"21":{"start":{"line":39,"column":4},"end":{"line":39,"column":22}},"22":{"start":{"line":9,"column":13},"end":{"line":9,"column":23}},"23":{"start":{"line":16,"column":8},"end":{"line":40,"column":null}},"24":{"start":{"line":9,"column":13},"end":{"line":41,"column":null}}},"fnMap":{"0":{"name":"(anonymous_2)","decl":{"start":{"line":10,"column":2},"end":{"line":10,"column":null}},"loc":{"start":{"line":12,"column":32},"end":{"line":13,"column":6}}},"1":{"name":"(anonymous_3)","decl":{"start":{"line":16,"column":2},"end":{"line":16,"column":7}},"loc":{"start":{"line":16,"column":45},"end":{"line":40,"column":3}}},"2":{"name":"(anonymous_4)","decl":{"start":{"line":36,"column":36},"end":{"line":36,"column":37}},"loc":{"start":{"line":37,"column":6},"end":{"line":37,"column":65}}},"3":{"name":"(anonymous_5)","decl":{"start":{"line":37,"column":31},"end":{"line":37,"column":32}},"loc":{"start":{"line":37,"column":48},"end":{"line":37,"column":64}}}},"branchMap":{"0":{"loc":{"start":{"line":23,"column":4},"end":{"line":25,"column":5}},"type":"if","locations":[{"start":{"line":23,"column":4},"end":{"line":25,"column":5}}]},"1":{"loc":{"start":{"line":29,"column":4},"end":{"line":31,"column":5}},"type":"if","locations":[{"start":{"line":29,"column":4},"end":{"line":31,"column":5}}]}},"s":{"0":1,"1":1,"2":1,"3":1,"4":1,"5":1,"6":9,"7":9,"8":5,"9":5,"10":5,"11":2,"12":3,"13":3,"14":3,"15":1,"16":2,"17":1,"18":1,"19":1,"20":1,"21":1,"22":1,"23":1,"24":1},"f":{"0":9,"1":5,"2":1,"3":1},"b":{"0":[2],"1":[1]}}
,"/home/snlacks/backend-monorepo/packages/auth/src/roles/roles.service.ts": {"path":"/home/snlacks/backend-monorepo/packages/auth/src/roles/roles.service.ts","statementMap":{"0":{"start":{"line":1,"column":0},"end":{"line":1,"column":44}},"1":{"start":{"line":2,"column":0},"end":{"line":2,"column":37}},"2":{"start":{"line":3,"column":0},"end":{"line":3,"column":37}},"3":{"start":{"line":4,"column":0},"end":{"line":4,"column":51}},"4":{"start":{"line":5,"column":0},"end":{"line":5,"column":32}},"5":{"start":{"line":10,"column":36},"end":{"line":10,"column":52}},"6":{"start":{"line":13,"column":4},"end":{"line":15,"column":5}},"7":{"start":{"line":14,"column":6},"end":{"line":14,"column":73}},"8":{"start":{"line":8,"column":13},"end":{"line":8,"column":25}},"9":{"start":{"line":17,"column":9},"end":{"line":17,"column":25}},"10":{"start":{"line":8,"column":13},"end":{"line":21,"column":null}}},"fnMap":{"0":{"name":"(anonymous_4)","decl":{"start":{"line":9,"column":2},"end":{"line":9,"column":null}},"loc":{"start":{"line":10,"column":68},"end":{"line":11,"column":6}}},"1":{"name":"(anonymous_5)","decl":{"start":{"line":12,"column":2},"end":{"line":12,"column":7}},"loc":{"start":{"line":12,"column":17},"end":{"line":16,"column":3}}}},"branchMap":{},"s":{"0":1,"1":1,"2":1,"3":1,"4":1,"5":1,"6":1,"7":2,"8":1,"9":1,"10":1},"f":{"0":1,"1":1},"b":{}}
,"/home/snlacks/backend-monorepo/packages/auth/src/roles/roles.ts": {"path":"/home/snlacks/backend-monorepo/packages/auth/src/roles/roles.ts","statementMap":{"0":{"start":{"line":1,"column":0},"end":{"line":1,"column":null}},"1":{"start":{"line":2,"column":2},"end":{"line":2,"column":null}},"2":{"start":{"line":3,"column":2},"end":{"line":3,"column":null}},"3":{"start":{"line":5,"column":13},"end":{"line":8,"column":2}}},"fnMap":{"0":{"name":"(anonymous_0)","decl":{"start":{"line":1,"column":0},"end":{"line":1,"column":12}},"loc":{"start":{"line":1,"column":16},"end":{"line":4,"column":1}}}},"branchMap":{"0":{"loc":{"start":{"line":1,"column":12},"end":{"line":1,"column":null}},"type":"binary-expr","locations":[{"start":{"line":1,"column":12},"end":{"line":1,"column":16}},{"start":{"line":1,"column":16},"end":{"line":1,"column":null}}]}},"s":{"0":4,"1":4,"2":4,"3":4},"f":{"0":4},"b":{"0":[4,4]}}
,"/home/snlacks/backend-monorepo/packages/auth/src/users/public.decorator.ts": {"path":"/home/snlacks/backend-monorepo/packages/auth/src/users/public.decorator.ts","statementMap":{"0":{"start":{"line":1,"column":0},"end":{"line":1,"column":45}},"1":{"start":{"line":3,"column":13},"end":{"line":3,"column":40}},"2":{"start":{"line":4,"column":22},"end":{"line":4,"column":60}},"3":{"start":{"line":4,"column":28},"end":{"line":4,"column":60}},"4":{"start":{"line":4,"column":13},"end":{"line":4,"column":22}}},"fnMap":{"0":{"name":"(anonymous_0)","decl":{"start":{"line":4,"column":22},"end":{"line":4,"column":25}},"loc":{"start":{"line":4,"column":28},"end":{"line":4,"column":60}}}},"branchMap":{},"s":{"0":2,"1":2,"2":2,"3":6,"4":2},"f":{"0":6},"b":{}}
,"/home/snlacks/backend-monorepo/packages/auth/src/users/users.service.ts": {"path":"/home/snlacks/backend-monorepo/packages/auth/src/users/users.service.ts","statementMap":{"0":{"start":{"line":1,"column":0},"end":{"line":1,"column":null}},"1":{"start":{"line":7,"column":0},"end":{"line":7,"column":33}},"2":{"start":{"line":8,"column":0},"end":{"line":8,"column":51}},"3":{"start":{"line":9,"column":0},"end":{"line":9,"column":37}},"4":{"start":{"line":10,"column":0},"end":{"line":10,"column":37}},"5":{"start":{"line":12,"column":0},"end":{"line":12,"column":44}},"6":{"start":{"line":13,"column":0},"end":{"line":13,"column":47}},"7":{"start":{"line":14,"column":0},"end":{"line":14,"column":45}},"8":{"start":{"line":16,"column":0},"end":{"line":16,"column":38}},"9":{"start":{"line":19,"column":28},"end":{"line":26,"column":null}},"10":{"start":{"line":20,"column":2},"end":{"line":26,"column":null}},"11":{"start":{"line":21,"column":4},"end":{"line":26,"column":6}},"12":{"start":{"line":22,"column":6},"end":{"line":24,"column":7}},"13":{"start":{"line":23,"column":8},"end":{"line":23,"column":20}},"14":{"start":{"line":25,"column":6},"end":{"line":25,"column":33}},"15":{"start":{"line":19,"column":13},"end":{"line":19,"column":28}},"16":{"start":{"line":29,"column":7},"end":{"line":119,"column":null}},"17":{"start":{"line":32,"column":12},"end":{"line":32,"column":29}},"18":{"start":{"line":34,"column":12},"end":{"line":34,"column":32}},"19":{"start":{"line":38,"column":4},"end":{"line":38,"column":39}},"20":{"start":{"line":42,"column":4},"end":{"line":42,"column":56}},"21":{"start":{"line":46,"column":4},"end":{"line":46,"column":58}},"22":{"start":{"line":53,"column":24},"end":{"line":55,"column":6}},"23":{"start":{"line":56,"column":18},"end":{"line":56,"column":70}},"24":{"start":{"line":57,"column":20},"end":{"line":57,"column":64}},"25":{"start":{"line":59,"column":4},"end":{"line":61,"column":5}},"26":{"start":{"line":60,"column":6},"end":{"line":60,"column":40}},"27":{"start":{"line":62,"column":4},"end":{"line":62,"column":53}},"28":{"start":{"line":66,"column":17},"end":{"line":66,"column":55}},"29":{"start":{"line":67,"column":17},"end":{"line":67,"column":54}},"30":{"start":{"line":68,"column":4},"end":{"line":77,"column":6}},"31":{"start":{"line":81,"column":25},"end":{"line":81,"column":29}},"32":{"start":{"line":82,"column":25},"end":{"line":82,"column":75}},"33":{"start":{"line":83,"column":4},"end":{"line":88,"column":5}},"34":{"start":{"line":84,"column":6},"end":{"line":87,"column":8}},"35":{"start":{"line":90,"column":4},"end":{"line":113,"column":5}},"36":{"start":{"line":91,"column":19},"end":{"line":91,"column":57}},"37":{"start":{"line":92,"column":19},"end":{"line":92,"column":58}},"38":{"start":{"line":93,"column":19},"end":{"line":97,"column":8}},"39":{"start":{"line":98,"column":22},"end":{"line":101,"column":8}},"40":{"start":{"line":105,"column":21},"end":{"line":105,"column":61}},"41":{"start":{"line":106,"column":6},"end":{"line":109,"column":9}},"42":{"start":{"line":110,"column":6},"end":{"line":110,"column":20}},"43":{"start":{"line":112,"column":6},"end":{"line":112,"column":74}},"44":{"start":{"line":116,"column":4},"end":{"line":116,"column":51}},"45":{"start":{"line":117,"column":4},"end":{"line":117,"column":54}},"46":{"start":{"line":29,"column":13},"end":{"line":29,"column":25}},"47":{"start":{"line":29,"column":13},"end":{"line":119,"column":null}}},"fnMap":{"0":{"name":"(anonymous_4)","decl":{"start":{"line":19,"column":28},"end":{"line":19,"column":29}},"loc":{"start":{"line":20,"column":2},"end":{"line":26,"column":null}}},"1":{"name":"(anonymous_5)","decl":{"start":{"line":20,"column":22},"end":{"line":20,"column":23}},"loc":{"start":{"line":21,"column":4},"end":{"line":26,"column":6}}},"2":{"name":"(anonymous_6)","decl":{"start":{"line":21,"column":54},"end":{"line":21,"column":55}},"loc":{"start":{"line":21,"column":65},"end":{"line":26,"column":5}}},"3":{"name":"(anonymous_7)","decl":{"start":{"line":30,"column":2},"end":{"line":30,"column":null}},"loc":{"start":{"line":34,"column":52},"end":{"line":35,"column":6}}},"4":{"name":"(anonymous_8)","decl":{"start":{"line":37,"column":2},"end":{"line":37,"column":7}},"loc":{"start":{"line":37,"column":15},"end":{"line":39,"column":3}}},"5":{"name":"(anonymous_9)","decl":{"start":{"line":41,"column":2},"end":{"line":41,"column":7}},"loc":{"start":{"line":41,"column":32},"end":{"line":43,"column":3}}},"6":{"name":"(anonymous_10)","decl":{"start":{"line":45,"column":2},"end":{"line":45,"column":7}},"loc":{"start":{"line":45,"column":32},"end":{"line":47,"column":3}}},"7":{"name":"(anonymous_11)","decl":{"start":{"line":48,"column":2},"end":{"line":48,"column":7}},"loc":{"start":{"line":52,"column":22},"end":{"line":63,"column":3}}},"8":{"name":"(anonymous_12)","decl":{"start":{"line":65,"column":2},"end":{"line":65,"column":7}},"loc":{"start":{"line":65,"column":58},"end":{"line":78,"column":3}}},"9":{"name":"(anonymous_13)","decl":{"start":{"line":80,"column":2},"end":{"line":80,"column":7}},"loc":{"start":{"line":80,"column":31},"end":{"line":114,"column":3}}},"10":{"name":"(anonymous_14)","decl":{"start":{"line":115,"column":2},"end":{"line":115,"column":7}},"loc":{"start":{"line":115,"column":30},"end":{"line":118,"column":3}}}},"branchMap":{"0":{"loc":{"start":{"line":22,"column":6},"end":{"line":24,"column":7}},"type":"if","locations":[{"start":{"line":22,"column":6},"end":{"line":24,"column":7}}]},"1":{"loc":{"start":{"line":59,"column":4},"end":{"line":61,"column":5}},"type":"if","locations":[{"start":{"line":59,"column":4},"end":{"line":61,"column":5}}]},"2":{"loc":{"start":{"line":83,"column":4},"end":{"line":88,"column":5}},"type":"if","locations":[{"start":{"line":83,"column":4},"end":{"line":88,"column":5}}]}},"s":{"0":3,"1":3,"2":3,"3":3,"4":3,"5":3,"6":3,"7":3,"8":3,"9":3,"10":2,"11":2,"12":2,"13":0,"14":2,"15":3,"16":3,"17":7,"18":7,"19":1,"20":1,"21":0,"22":0,"23":0,"24":0,"25":0,"26":0,"27":0,"28":0,"29":0,"30":0,"31":3,"32":3,"33":3,"34":1,"35":2,"36":2,"37":2,"38":2,"39":2,"40":2,"41":1,"42":1,"43":1,"44":0,"45":0,"46":3,"47":3},"f":{"0":2,"1":2,"2":2,"3":7,"4":1,"5":1,"6":0,"7":0,"8":0,"9":3,"10":0},"b":{"0":[0],"1":[0],"2":[1]}}
}
