TN:
SF:src/_mock-data/execution-context-data.ts
FN:5,(anonymous_0)
FN:9,(anonymous_1)
FN:10,(anonymous_2)
FNF:3
FNH:3
FNDA:5,(anonymous_0)
FNDA:2,(anonymous_1)
FNDA:2,(anonymous_2)
DA:1,1
DA:3,1
DA:5,1
DA:6,5
DA:9,2
DA:10,2
LF:6
LH:6
BRF:0
BRH:0
end_of_record
TN:
SF:src/_mock-data/jwt-config-data.ts
FNF:0
FNH:0
DA:1,0
LF:1
LH:0
BRF:0
BRH:0
end_of_record
TN:
SF:src/_mock-data/user-data.ts
FNF:0
FNH:0
DA:1,1
LF:1
LH:1
BRF:0
BRH:0
end_of_record
TN:
SF:src/auth/auth.controller.ts
FN:38,(anonymous_4)
FN:50,(anonymous_5)
FN:57,(anonymous_6)
FN:66,(anonymous_7)
FN:83,(anonymous_8)
FN:114,(anonymous_9)
FN:160,(anonymous_10)
FN:167,(anonymous_11)
FN:191,(anonymous_12)
FN:198,(anonymous_13)
FN:209,(anonymous_14)
FNF:11
FNH:11
FNDA:15,(anonymous_4)
FNDA:1,(anonymous_5)
FNDA:1,(anonymous_6)
FNDA:2,(anonymous_7)
FNDA:1,(anonymous_8)
FNDA:2,(anonymous_9)
FNDA:1,(anonymous_10)
FNDA:1,(anonymous_11)
FNDA:1,(anonymous_12)
FNDA:1,(anonymous_13)
FNDA:1,(anonymous_14)
DA:1,1
DA:17,1
DA:18,1
DA:19,1
DA:21,1
DA:22,1
DA:23,1
DA:24,1
DA:25,1
DA:26,1
DA:28,1
DA:29,1
DA:30,1
DA:31,1
DA:34,1
DA:37,1
DA:39,15
DA:40,15
DA:41,15
DA:43,15
DA:44,15
DA:45,15
DA:50,1
DA:51,1
DA:57,1
DA:58,1
DA:59,1
DA:60,1
DA:66,1
DA:67,2
DA:68,2
DA:69,1
DA:74,1
DA:75,1
DA:77,1
DA:83,1
DA:88,1
DA:89,1
DA:95,1
DA:99,1
DA:105,1
DA:107,0
DA:114,1
DA:120,2
DA:121,2
DA:122,1
DA:125,1
DA:126,1
DA:127,1
DA:129,1
DA:133,1
DA:138,1
DA:143,1
DA:145,1
DA:146,1
DA:147,1
DA:150,1
DA:156,1
DA:160,1
DA:161,1
DA:167,1
DA:168,1
DA:172,0
DA:175,1
DA:176,1
DA:181,1
DA:186,1
DA:191,1
DA:192,1
DA:198,1
DA:199,1
DA:203,1
DA:209,1
DA:210,1
DA:211,1
DA:212,1
LF:76
LH:74
BRDA:34,0,0,1
BRDA:34,0,1,1
BRDA:75,1,0,1
BRDA:75,1,1,0
BRDA:168,2,0,0
BRDA:169,3,0,1
BRDA:169,3,1,1
BRF:7
BRH:5
end_of_record
TN:
SF:src/auth/auth.guard.ts
FN:9,(anonymous_2)
FN:15,(anonymous_3)
FNF:2
FNH:2
FNDA:11,(anonymous_2)
FNDA:6,(anonymous_3)
DA:1,1
DA:2,1
DA:3,1
DA:4,1
DA:5,1
DA:6,1
DA:8,1
DA:10,11
DA:11,11
DA:15,1
DA:16,6
DA:20,6
DA:21,1
DA:23,5
DA:24,5
DA:26,5
DA:29,5
DA:30,1
DA:32,4
DA:33,3
DA:34,1
DA:37,2
DA:38,2
DA:41,2
DA:46,1
DA:51,1
LF:26
LH:26
BRDA:20,0,0,1
BRDA:29,1,0,1
BRDA:33,2,0,1
BRDA:33,3,0,3
BRDA:33,3,1,2
BRF:5
BRH:5
end_of_record
TN:
SF:src/auth/auth.service.ts
FN:21,(anonymous_4)
FN:33,(anonymous_5)
FN:38,(anonymous_6)
FN:39,(anonymous_7)
FN:40,(anonymous_8)
FN:48,(anonymous_9)
FN:56,(anonymous_10)
FN:57,(anonymous_11)
FN:59,(anonymous_12)
FN:68,(anonymous_13)
FN:76,(anonymous_14)
FN:94,(anonymous_15)
FN:104,(anonymous_16)
FN:114,(anonymous_17)
FN:133,(anonymous_18)
FN:149,(anonymous_19)
FNF:16
FNH:13
FNDA:0,(anonymous_4)
FNDA:46,(anonymous_5)
FNDA:4,(anonymous_6)
FNDA:4,(anonymous_7)
FNDA:4,(anonymous_8)
FNDA:1,(anonymous_9)
FNDA:1,(anonymous_10)
FNDA:2,(anonymous_11)
FNDA:2,(anonymous_12)
FNDA:8,(anonymous_13)
FNDA:3,(anonymous_14)
FNDA:0,(anonymous_15)
FNDA:1,(anonymous_16)
FNDA:2,(anonymous_17)
FNDA:0,(anonymous_18)
FNDA:1,(anonymous_19)
DA:1,2
DA:2,2
DA:3,2
DA:4,2
DA:5,2
DA:7,2
DA:8,2
DA:9,2
DA:10,2
DA:18,2
DA:19,2
DA:21,2
DA:30,2
DA:31,2
DA:32,2
DA:33,2
DA:34,46
DA:35,0
DA:38,2
DA:39,4
DA:40,4
DA:41,4
DA:42,0
DA:44,4
DA:48,2
DA:49,1
DA:54,2
DA:56,2
DA:57,2
DA:59,2
DA:60,2
DA:61,2
DA:63,1
DA:67,2
DA:69,8
DA:70,8
DA:71,8
DA:72,8
DA:76,2
DA:81,3
DA:83,3
DA:84,2
DA:85,2
DA:86,2
DA:87,1
DA:94,2
DA:97,0
DA:98,0
DA:100,0
DA:102,0
DA:105,1
DA:107,1
DA:108,1
DA:110,1
DA:114,2
DA:119,2
DA:122,2
DA:123,2
DA:124,1
DA:125,1
DA:127,0
DA:129,0
DA:133,2
DA:134,0
DA:135,0
DA:136,0
DA:143,0
DA:145,0
DA:149,2
DA:150,1
DA:152,1
DA:154,1
DA:160,1
DA:161,1
LF:74
LH:61
BRDA:34,0,0,0
BRDA:41,1,0,0
BRDA:117,2,0,2
BRDA:122,3,0,2
BRDA:122,3,1,0
BRDA:160,4,0,1
BRDA:160,4,1,1
BRF:7
BRH:4
end_of_record
TN:
SF:src/decorators/unauthorized-handler.decorator.ts
FN:3,UnauthorizedHandler
FN:4,(anonymous_1)
FN:7,(anonymous_2)
FNF:3
FNH:3
FNDA:12,UnauthorizedHandler
FNDA:12,(anonymous_1)
FNDA:17,(anonymous_2)
DA:1,4
DA:3,4
DA:4,12
DA:5,12
DA:7,12
DA:8,17
DA:9,17
DA:11,11
DA:14,12
LF:9
LH:9
BRF:0
BRH:0
end_of_record
TN:
SF:src/roles/roles.decorator.ts
FN:5,(anonymous_0)
FNF:1
FNH:1
FNDA:2,(anonymous_0)
DA:1,2
DA:3,2
DA:5,2
LF:3
LH:3
BRF:0
BRH:0
end_of_record
TN:
SF:src/roles/roles.guard.ts
FN:10,(anonymous_2)
FN:16,(anonymous_3)
FN:36,(anonymous_4)
FN:37,(anonymous_5)
FNF:4
FNH:4
FNDA:9,(anonymous_2)
FNDA:5,(anonymous_3)
FNDA:1,(anonymous_4)
FNDA:1,(anonymous_5)
DA:1,1
DA:2,1
DA:3,1
DA:4,1
DA:5,1
DA:9,1
DA:11,9
DA:12,9
DA:16,1
DA:17,5
DA:18,5
DA:23,5
DA:24,2
DA:27,3
DA:28,3
DA:29,3
DA:30,1
DA:33,2
DA:34,1
DA:36,1
DA:37,1
DA:39,1
LF:22
LH:22
BRDA:23,0,0,2
BRDA:29,1,0,1
BRF:2
BRH:2
end_of_record
TN:
SF:src/roles/roles.service.ts
FN:9,(anonymous_4)
FN:12,(anonymous_5)
FNF:2
FNH:2
FNDA:1,(anonymous_4)
FNDA:1,(anonymous_5)
DA:1,1
DA:2,1
DA:3,1
DA:4,1
DA:5,1
DA:8,1
DA:10,1
DA:13,1
DA:14,2
DA:17,1
LF:10
LH:10
BRF:0
BRH:0
end_of_record
TN:
SF:src/roles/roles.ts
FN:1,(anonymous_0)
FNF:1
FNH:1
FNDA:4,(anonymous_0)
DA:1,4
DA:2,4
DA:3,4
DA:5,4
LF:4
LH:4
BRDA:1,0,0,4
BRDA:1,0,1,4
BRF:2
BRH:2
end_of_record
TN:
SF:src/users/public.decorator.ts
FN:4,(anonymous_0)
FNF:1
FNH:1
FNDA:6,(anonymous_0)
DA:1,2
DA:3,2
DA:4,6
LF:3
LH:3
BRF:0
BRH:0
end_of_record
TN:
SF:src/users/users.service.ts
FN:19,(anonymous_4)
FN:20,(anonymous_5)
FN:21,(anonymous_6)
FN:30,(anonymous_7)
FN:37,(anonymous_8)
FN:41,(anonymous_9)
FN:45,(anonymous_10)
FN:48,(anonymous_11)
FN:65,(anonymous_12)
FN:80,(anonymous_13)
FN:115,(anonymous_14)
FNF:11
FNH:7
FNDA:2,(anonymous_4)
FNDA:2,(anonymous_5)
FNDA:2,(anonymous_6)
FNDA:7,(anonymous_7)
FNDA:1,(anonymous_8)
FNDA:1,(anonymous_9)
FNDA:0,(anonymous_10)
FNDA:0,(anonymous_11)
FNDA:0,(anonymous_12)
FNDA:3,(anonymous_13)
FNDA:0,(anonymous_14)
DA:1,3
DA:7,3
DA:8,3
DA:9,3
DA:10,3
DA:12,3
DA:13,3
DA:14,3
DA:16,3
DA:19,3
DA:20,2
DA:21,2
DA:22,2
DA:23,0
DA:25,2
DA:29,3
DA:32,7
DA:34,7
DA:38,1
DA:42,1
DA:46,0
DA:53,0
DA:56,0
DA:57,0
DA:59,0
DA:60,0
DA:62,0
DA:66,0
DA:67,0
DA:68,0
DA:81,3
DA:82,3
DA:83,3
DA:84,1
DA:90,2
DA:91,2
DA:92,2
DA:93,2
DA:98,2
DA:105,2
DA:106,1
DA:110,1
DA:112,1
DA:116,0
DA:117,0
LF:45
LH:32
BRDA:22,0,0,0
BRDA:59,1,0,0
BRDA:83,2,0,1
BRF:3
BRH:1
end_of_record
